Traceback (most recent call last):
  File "guiit.py", line 63, in ?
  File "guiit.py", line 58, in GuiMain
  File "wx\_core.pyc", line 7668, in __init__
  File "wx\_core.pyc", line 7320, in _BootstrapApp
  File "guiit.py", line 50, in OnInit
  File "gui_frame.pyc", line 43, in __init__
  File "gui_items.pyc", line 47, in parseGuiFile
  File "gui_items.pyc", line 67, in parseGuiElement
  File "gui_items.pyc", line 173, in __init__
  File "gui_items.pyc", line 65, in parseGuiElement
  File "gui_items.pyc", line 38, in parseGuiFile
AttributeError: 'module' object has no attribute 'sax'
Traceback (most recent call last):
  File "guiit.py", line 63, in ?
  File "guiit.py", line 58, in GuiMain
  File "wx\_core.pyc", line 7668, in __init__
  File "wx\_core.pyc", line 7320, in _BootstrapApp
  File "guiit.py", line 50, in OnInit
  File "gui_frame.pyc", line 43, in __init__
  File "gui_items.pyc", line 47, in parseGuiFile
  File "gui_items.pyc", line 67, in parseGuiElement
  File "gui_items.pyc", line 173, in __init__
  File "gui_items.pyc", line 65, in parseGuiElement
  File "gui_items.pyc", line 38, in parseGuiFile
AttributeError: 'module' object has no attribute 'sax'
Traceback (most recent call last):
  File "guiit.py", line 63, in ?
  File "guiit.py", line 58, in GuiMain
  File "wx\_core.pyc", line 7668, in __init__
  File "wx\_core.pyc", line 7320, in _BootstrapApp
  File "guiit.py", line 50, in OnInit
  File "gui_frame.pyc", line 43, in __init__
  File "gui_items.pyc", line 47, in parseGuiFile
  File "gui_items.pyc", line 67, in parseGuiElement
  File "gui_items.pyc", line 173, in __init__
  File "gui_items.pyc", line 65, in parseGuiElement
  File "gui_items.pyc", line 38, in parseGuiFile
AttributeError: 'module' object has no attribute 'sax'
Traceback (most recent call last):
  File "guiit.py", line 63, in ?
  File "guiit.py", line 58, in GuiMain
  File "wx\_core.pyc", line 7668, in __init__
  File "wx\_core.pyc", line 7320, in _BootstrapApp
  File "guiit.py", line 50, in OnInit
  File "gui_frame.pyc", line 43, in __init__
  File "gui_items.pyc", line 47, in parseGuiFile
  File "gui_items.pyc", line 67, in parseGuiElement
  File "gui_items.pyc", line 173, in __init__
  File "gui_items.pyc", line 65, in parseGuiElement
  File "gui_items.pyc", line 33, in parseGuiFile
  File "xml\dom\minidom.pyc", line 1915, in parse
  File "xml\dom\expatbuilder.pyc", line 922, in parse
IOError: [Errno 2] No such file or directory: 'test\\test.gui'
Traceback (most recent call last):
  File "guiit.py", line 63, in ?
  File "guiit.py", line 58, in GuiMain
  File "wx\_core.pyc", line 7668, in __init__
  File "wx\_core.pyc", line 7320, in _BootstrapApp
  File "guiit.py", line 50, in OnInit
  File "gui_frame.pyc", line 43, in __init__
  File "gui_items.pyc", line 47, in parseGuiFile
  File "gui_items.pyc", line 67, in parseGuiElement
  File "gui_items.pyc", line 173, in __init__
  File "gui_items.pyc", line 65, in parseGuiElement
  File "gui_items.pyc", line 38, in parseGuiFile
AttributeError: 'module' object has no attribute 'sax'
Traceback (most recent call last):
  File "guiit.py", line 63, in ?
  File "guiit.py", line 58, in GuiMain
  File "wx\_core.pyc", line 7668, in __init__
  File "wx\_core.pyc", line 7320, in _BootstrapApp
  File "guiit.py", line 50, in OnInit
  File "gui_frame.pyc", line 43, in __init__
  File "gui_items.pyc", line 47, in parseGuiFile
  File "gui_items.pyc", line 67, in parseGuiElement
  File "gui_items.pyc", line 173, in __init__
  File "gui_items.pyc", line 65, in parseGuiElement
  File "gui_items.pyc", line 38, in parseGuiFile
AttributeError: 'module' object has no attribute 'sax'
Traceback (most recent call last):
  File "guiit.py", line 63, in ?
  File "guiit.py", line 58, in GuiMain
  File "wx\_core.pyc", line 7668, in __init__
  File "wx\_core.pyc", line 7320, in _BootstrapApp
  File "guiit.py", line 50, in OnInit
  File "gui_frame.pyc", line 43, in __init__
  File "gui_items.pyc", line 47, in parseGuiFile
  File "gui_items.pyc", line 67, in parseGuiElement
  File "gui_items.pyc", line 173, in __init__
  File "gui_items.pyc", line 65, in parseGuiElement
  File "gui_items.pyc", line 33, in parseGuiFile
  File "xml\dom\minidom.pyc", line 1915, in parse
  File "xml\dom\expatbuilder.pyc", line 922, in parse
IOError: [Errno 2] No such file or directory: 'gui\\Installer\\Installer.gui'
Traceback (most recent call last):
  File "guiit.py", line 63, in ?
  File "guiit.py", line 58, in GuiMain
  File "wx\_core.pyc", line 7668, in __init__
  File "wx\_core.pyc", line 7320, in _BootstrapApp
  File "guiit.py", line 50, in OnInit
  File "gui_frame.pyc", line 43, in __init__
  File "gui_items.pyc", line 47, in parseGuiFile
  File "gui_items.pyc", line 67, in parseGuiElement
  File "gui_items.pyc", line 173, in __init__
  File "gui_items.pyc", line 65, in parseGuiElement
  File "gui_items.pyc", line 33, in parseGuiFile
  File "xml\dom\minidom.pyc", line 1915, in parse
  File "xml\dom\expatbuilder.pyc", line 922, in parse
IOError: [Errno 2] No such file or directory: 'Welcome\\Installer.gui'
Traceback (most recent call last):
  File "guiit.py", line 63, in ?
  File "guiit.py", line 58, in GuiMain
  File "wx\_core.pyc", line 7668, in __init__
  File "wx\_core.pyc", line 7320, in _BootstrapApp
  File "guiit.py", line 50, in OnInit
  File "gui_frame.pyc", line 43, in __init__
  File "gui_items.pyc", line 47, in parseGuiFile
  File "gui_items.pyc", line 67, in parseGuiElement
  File "gui_items.pyc", line 173, in __init__
  File "gui_items.pyc", line 65, in parseGuiElement
  File "gui_items.pyc", line 47, in parseGuiFile
  File "gui_items.pyc", line 67, in parseGuiElement
  File "gui_items.pyc", line 173, in __init__
  File "gui_items.pyc", line 65, in parseGuiElement
  File "gui_items.pyc", line 38, in parseGuiFile
AttributeError: 'module' object has no attribute 'sax'
Traceback (most recent call last):
  File "guiit.py", line 63, in ?
  File "guiit.py", line 58, in GuiMain
  File "wx\_core.pyc", line 7668, in __init__
  File "wx\_core.pyc", line 7320, in _BootstrapApp
  File "guiit.py", line 50, in OnInit
  File "gui_frame.pyc", line 43, in __init__
  File "gui_items.pyc", line 47, in parseGuiFile
  File "gui_items.pyc", line 67, in parseGuiElement
  File "gui_items.pyc", line 173, in __init__
  File "gui_items.pyc", line 65, in parseGuiElement
  File "gui_items.pyc", line 47, in parseGuiFile
  File "gui_items.pyc", line 67, in parseGuiElement
  File "gui_items.pyc", line 173, in __init__
  File "gui_items.pyc", line 65, in parseGuiElement
  File "gui_items.pyc", line 38, in parseGuiFile
AttributeError: 'module' object has no attribute 'sax'
