STATUS | wrapper  | 2016/12/22 15:13:43 | --> Wrapper Started as Console
STATUS | wrapper  | 2016/12/22 15:13:43 | Launching a JVM...
INFO   | jvm 1    | 2016/12/22 15:13:44 | Wrapper (Version 3.2.3) http://wrapper.tanukisoftware.org
INFO   | jvm 1    | 2016/12/22 15:13:44 |   Copyright 1999-2006 Tanuki Software, Inc.  All Rights Reserved.
INFO   | jvm 1    | 2016/12/22 15:13:44 | 
INFO   | jvm 1    | 2016/12/22 15:13:44 | Java Runtime: Oracle Corporation 1.8.0_65 C:\Program Files (x86)\Java\jre1.8.0_65
INFO   | jvm 1    | 2016/12/22 15:13:44 |   Heap sizes: current=15872k  free=12168k  max=1013632k
INFO   | jvm 1    | 2016/12/22 15:13:44 |     JVM args: -Dactivemq.home=../.. -Dactivemq.base=../.. -Djavax.net.ssl.keyStorePassword=password -Djavax.net.ssl.trustStorePassword=password -Djavax.net.ssl.keyStore=../../conf/broker.ks -Djavax.net.ssl.trustStore=../../conf/broker.ts -Dcom.sun.management.jmxremote -Dorg.apache.activemq.UseDedicatedTaskRunner=true -Djava.util.logging.config.file=logging.properties -Dactivemq.conf=../../conf -Dactivemq.data=../../data -Djava.security.auth.login.config=../../conf/login.config -Xmx1024m -Djava.library.path=../../bin/win32 -Dwrapper.key=wPlU3UrecNJY5CuJ -Dwrapper.port=32000 -Dwrapper.jvm.port.min=31000 -Dwrapper.jvm.port.max=31999 -Dwrapper.pid=28800 -Dwrapper.version=3.2.3 -Dwrapper.native_library=wrapper -Dwrapper.cpu.timeout=10 -Dwrapper.jvmid=1
INFO   | jvm 1    | 2016/12/22 15:13:44 | Extensions classpath:
INFO   | jvm 1    | 2016/12/22 15:13:44 |   [..\..\lib,..\..\lib\camel,..\..\lib\optional,..\..\lib\web,..\..\lib\extra]
INFO   | jvm 1    | 2016/12/22 15:13:44 | ACTIVEMQ_HOME: ..\..
INFO   | jvm 1    | 2016/12/22 15:13:44 | ACTIVEMQ_BASE: ..\..
INFO   | jvm 1    | 2016/12/22 15:13:44 | ACTIVEMQ_CONF: ..\..\conf
INFO   | jvm 1    | 2016/12/22 15:13:44 | ACTIVEMQ_DATA: ..\..\data
INFO   | jvm 1    | 2016/12/22 15:13:45 | Loading message broker from: xbean:activemq.xml
INFO   | jvm 1    | 2016/12/22 15:13:45 |  INFO | Refreshing org.apache.activemq.xbean.XBeanBrokerFactory$1@4cbe5a: startup date [Thu Dec 22 15:13:45 CET 2016]; root of context hierarchy
INFO   | jvm 1    | 2016/12/22 15:13:47 |  INFO | Using Persistence Adapter: KahaDBPersistenceAdapter[D:\Acceptance\Wynsure57\WynsureResources\ActiveMQ\bin\win32\..\..\data\kahadb]
INFO   | jvm 1    | 2016/12/22 15:13:49 |  INFO | PListStore:[D:\Acceptance\Wynsure57\WynsureResources\ActiveMQ\bin\win32\..\..\data\localhost\tmp_storage] started
INFO   | jvm 1    | 2016/12/22 15:13:49 |  INFO | Apache ActiveMQ 5.14.2 (localhost, ID:POCAPP-49848-1482416029234-0:1) is starting
INFO   | jvm 1    | 2016/12/22 15:13:49 |  INFO | Listening for connections at: tcp://POCAPP:61616?maximumConnections=1000&wireFormat.maxFrameSize=104857600
INFO   | jvm 1    | 2016/12/22 15:13:49 |  INFO | Connector openwire started
INFO   | jvm 1    | 2016/12/22 15:13:49 |  INFO | Listening for connections at: amqp://POCAPP:5672?maximumConnections=1000&wireFormat.maxFrameSize=104857600
INFO   | jvm 1    | 2016/12/22 15:13:49 |  INFO | Connector amqp started
INFO   | jvm 1    | 2016/12/22 15:13:49 |  INFO | Listening for connections at: stomp://POCAPP:61613?maximumConnections=1000&wireFormat.maxFrameSize=104857600
INFO   | jvm 1    | 2016/12/22 15:13:49 |  INFO | Connector stomp started
INFO   | jvm 1    | 2016/12/22 15:13:49 |  INFO | Listening for connections at: mqtt://POCAPP:1883?maximumConnections=1000&wireFormat.maxFrameSize=104857600
INFO   | jvm 1    | 2016/12/22 15:13:49 |  INFO | Connector mqtt started
INFO   | jvm 1    | 2016/12/22 15:13:49 |  WARN | ServletContext@o.e.j.s.ServletContextHandler@12c83f2{/,null,STARTING} has uncovered http methods for path: /
INFO   | jvm 1    | 2016/12/22 15:13:50 |  INFO | Listening for connections at ws://POCAPP:61614?maximumConnections=1000&wireFormat.maxFrameSize=104857600
INFO   | jvm 1    | 2016/12/22 15:13:50 |  INFO | Connector ws started
INFO   | jvm 1    | 2016/12/22 15:13:50 |  INFO | Apache ActiveMQ 5.14.2 (localhost, ID:POCAPP-49848-1482416029234-0:1) started
INFO   | jvm 1    | 2016/12/22 15:13:50 |  INFO | For help or more information please see: http://activemq.apache.org
INFO   | jvm 1    | 2016/12/22 15:13:50 |  WARN | Store limit is 102400 mb (current store usage is 0 mb). The data directory: D:\Acceptance\Wynsure57\WynsureResources\ActiveMQ\bin\win32\..\..\data\kahadb only has 97785 mb of usable space. - resetting to maximum available disk space: 97785 mb
INFO   | jvm 1    | 2016/12/22 15:13:51 |  INFO | No Spring WebApplicationInitializer types detected on classpath
INFO   | jvm 1    | 2016/12/22 15:13:51 |  INFO | ActiveMQ WebConsole available at http://0.0.0.0:8161/
INFO   | jvm 1    | 2016/12/22 15:13:51 |  INFO | ActiveMQ Jolokia REST API available at http://0.0.0.0:8161/api/jolokia/
INFO   | jvm 1    | 2016/12/22 15:13:52 |  INFO | Initializing Spring FrameworkServlet 'dispatcher'
INFO   | jvm 1    | 2016/12/22 15:13:52 |  INFO | No Spring WebApplicationInitializer types detected on classpath
INFO   | jvm 1    | 2016/12/22 15:13:53 |  INFO | jolokia-agent: Using policy access restrictor classpath:/jolokia-access.xml
STATUS | wrapper  | 2017/01/09 11:18:50 | --> Wrapper Started as Console
STATUS | wrapper  | 2017/01/09 11:18:50 | Launching a JVM...
INFO   | jvm 1    | 2017/01/09 11:18:58 | Wrapper (Version 3.2.3) http://wrapper.tanukisoftware.org
INFO   | jvm 1    | 2017/01/09 11:18:58 |   Copyright 1999-2006 Tanuki Software, Inc.  All Rights Reserved.
INFO   | jvm 1    | 2017/01/09 11:18:58 | 
INFO   | jvm 1    | 2017/01/09 11:18:58 | Java Runtime: Oracle Corporation 1.8.0_65 C:\Program Files (x86)\Java\jre1.8.0_65
INFO   | jvm 1    | 2017/01/09 11:18:58 |   Heap sizes: current=15872k  free=12140k  max=1013632k
INFO   | jvm 1    | 2017/01/09 11:18:58 |     JVM args: -Dactivemq.home=../.. -Dactivemq.base=../.. -Djavax.net.ssl.keyStorePassword=password -Djavax.net.ssl.trustStorePassword=password -Djavax.net.ssl.keyStore=../../conf/broker.ks -Djavax.net.ssl.trustStore=../../conf/broker.ts -Dcom.sun.management.jmxremote -Dorg.apache.activemq.UseDedicatedTaskRunner=true -Djava.util.logging.config.file=logging.properties -Dactivemq.conf=../../conf -Dactivemq.data=../../data -Djava.security.auth.login.config=../../conf/login.config -Xmx1024m -Djava.library.path=../../bin/win32 -Dwrapper.key=CPDd0CzJxHVsEDtQ -Dwrapper.port=32000 -Dwrapper.jvm.port.min=31000 -Dwrapper.jvm.port.max=31999 -Dwrapper.pid=25124 -Dwrapper.version=3.2.3 -Dwrapper.native_library=wrapper -Dwrapper.cpu.timeout=10 -Dwrapper.jvmid=1
INFO   | jvm 1    | 2017/01/09 11:18:58 | Extensions classpath:
INFO   | jvm 1    | 2017/01/09 11:18:58 |   [..\..\lib,..\..\lib\camel,..\..\lib\optional,..\..\lib\web,..\..\lib\extra]
INFO   | jvm 1    | 2017/01/09 11:18:58 | ACTIVEMQ_HOME: ..\..
INFO   | jvm 1    | 2017/01/09 11:18:58 | ACTIVEMQ_BASE: ..\..
INFO   | jvm 1    | 2017/01/09 11:18:58 | ACTIVEMQ_CONF: ..\..\conf
INFO   | jvm 1    | 2017/01/09 11:18:58 | ACTIVEMQ_DATA: ..\..\data
INFO   | jvm 1    | 2017/01/09 11:19:05 | Loading message broker from: xbean:activemq.xml
INFO   | jvm 1    | 2017/01/09 11:19:05 |  INFO | Refreshing org.apache.activemq.xbean.XBeanBrokerFactory$1@1897fca: startup date [Mon Jan 09 11:19:05 CET 2017]; root of context hierarchy
INFO   | jvm 1    | 2017/01/09 11:19:10 |  INFO | Using Persistence Adapter: KahaDBPersistenceAdapter[D:\Acceptance\Wynsure57\WynsureResources\ActiveMQ\bin\win32\..\..\data\kahadb]
INFO   | jvm 1    | 2017/01/09 11:19:12 |  INFO | KahaDB is version 6
INFO   | jvm 1    | 2017/01/09 11:19:12 |  INFO | Recovering from the journal @1:503
INFO   | jvm 1    | 2017/01/09 11:19:15 |  INFO | Recovery replayed 29489 operations from the journal in 3.469 seconds.
INFO   | jvm 1    | 2017/01/09 11:19:15 |  INFO | PListStore:[D:\Acceptance\Wynsure57\WynsureResources\ActiveMQ\bin\win32\..\..\data\localhost\tmp_storage] started
INFO   | jvm 1    | 2017/01/09 11:19:15 |  INFO | Apache ActiveMQ 5.14.2 (localhost, ID:POCAPP-51160-1483957155726-0:1) is starting
INFO   | jvm 1    | 2017/01/09 11:19:16 |  INFO | Listening for connections at: tcp://POCAPP:61616?maximumConnections=1000&wireFormat.maxFrameSize=104857600
INFO   | jvm 1    | 2017/01/09 11:19:16 |  INFO | Connector openwire started
INFO   | jvm 1    | 2017/01/09 11:19:16 |  INFO | Listening for connections at: amqp://POCAPP:5672?maximumConnections=1000&wireFormat.maxFrameSize=104857600
INFO   | jvm 1    | 2017/01/09 11:19:16 |  INFO | Connector amqp started
INFO   | jvm 1    | 2017/01/09 11:19:16 |  INFO | Listening for connections at: stomp://POCAPP:61613?maximumConnections=1000&wireFormat.maxFrameSize=104857600
INFO   | jvm 1    | 2017/01/09 11:19:16 |  INFO | Connector stomp started
INFO   | jvm 1    | 2017/01/09 11:19:16 |  INFO | Listening for connections at: mqtt://POCAPP:1883?maximumConnections=1000&wireFormat.maxFrameSize=104857600
INFO   | jvm 1    | 2017/01/09 11:19:16 |  INFO | Connector mqtt started
INFO   | jvm 1    | 2017/01/09 11:19:16 |  WARN | ServletContext@o.e.j.s.ServletContextHandler@a9cb5{/,null,STARTING} has uncovered http methods for path: /
INFO   | jvm 1    | 2017/01/09 11:19:16 |  INFO | Listening for connections at ws://POCAPP:61614?maximumConnections=1000&wireFormat.maxFrameSize=104857600
INFO   | jvm 1    | 2017/01/09 11:19:16 |  INFO | Connector ws started
INFO   | jvm 1    | 2017/01/09 11:19:16 |  INFO | Apache ActiveMQ 5.14.2 (localhost, ID:POCAPP-51160-1483957155726-0:1) started
INFO   | jvm 1    | 2017/01/09 11:19:16 |  INFO | For help or more information please see: http://activemq.apache.org
INFO   | jvm 1    | 2017/01/09 11:19:16 |  WARN | Store limit is 102400 mb (current store usage is 3 mb). The data directory: D:\Acceptance\Wynsure57\WynsureResources\ActiveMQ\bin\win32\..\..\data\kahadb only has 72715 mb of usable space. - resetting to maximum available disk space: 72715 mb
INFO   | jvm 1    | 2017/01/09 11:19:18 |  INFO | No Spring WebApplicationInitializer types detected on classpath
INFO   | jvm 1    | 2017/01/09 11:19:19 |  INFO | ActiveMQ WebConsole available at http://0.0.0.0:8161/
INFO   | jvm 1    | 2017/01/09 11:19:19 |  INFO | ActiveMQ Jolokia REST API available at http://0.0.0.0:8161/api/jolokia/
INFO   | jvm 1    | 2017/01/09 11:19:19 |  INFO | Initializing Spring FrameworkServlet 'dispatcher'
INFO   | jvm 1    | 2017/01/09 11:19:21 |  INFO | No Spring WebApplicationInitializer types detected on classpath
INFO   | jvm 1    | 2017/01/09 11:19:21 |  INFO | jolokia-agent: Using policy access restrictor classpath:/jolokia-access.xml
STATUS | wrapper  | 2017/01/16 10:56:02 | --> Wrapper Started as Console
STATUS | wrapper  | 2017/01/16 10:56:02 | Launching a JVM...
INFO   | jvm 1    | 2017/01/16 10:56:07 | Wrapper (Version 3.2.3) http://wrapper.tanukisoftware.org
INFO   | jvm 1    | 2017/01/16 10:56:07 |   Copyright 1999-2006 Tanuki Software, Inc.  All Rights Reserved.
INFO   | jvm 1    | 2017/01/16 10:56:07 | 
INFO   | jvm 1    | 2017/01/16 10:56:07 | Java Runtime: Oracle Corporation 1.8.0_65 C:\Program Files (x86)\Java\jre1.8.0_65
INFO   | jvm 1    | 2017/01/16 10:56:07 |   Heap sizes: current=15872k  free=12168k  max=1013632k
INFO   | jvm 1    | 2017/01/16 10:56:07 |     JVM args: -Dactivemq.home=../.. -Dactivemq.base=../.. -Djavax.net.ssl.keyStorePassword=password -Djavax.net.ssl.trustStorePassword=password -Djavax.net.ssl.keyStore=../../conf/broker.ks -Djavax.net.ssl.trustStore=../../conf/broker.ts -Dcom.sun.management.jmxremote -Dorg.apache.activemq.UseDedicatedTaskRunner=true -Djava.util.logging.config.file=logging.properties -Dactivemq.conf=../../conf -Dactivemq.data=../../data -Djava.security.auth.login.config=../../conf/login.config -Xmx1024m -Djava.library.path=../../bin/win32 -Dwrapper.key=yxRGLtSwqgRRTnIY -Dwrapper.port=32000 -Dwrapper.jvm.port.min=31000 -Dwrapper.jvm.port.max=31999 -Dwrapper.pid=14464 -Dwrapper.version=3.2.3 -Dwrapper.native_library=wrapper -Dwrapper.cpu.timeout=10 -Dwrapper.jvmid=1
INFO   | jvm 1    | 2017/01/16 10:56:07 | Extensions classpath:
INFO   | jvm 1    | 2017/01/16 10:56:07 |   [..\..\lib,..\..\lib\camel,..\..\lib\optional,..\..\lib\web,..\..\lib\extra]
INFO   | jvm 1    | 2017/01/16 10:56:07 | ACTIVEMQ_HOME: ..\..
INFO   | jvm 1    | 2017/01/16 10:56:07 | ACTIVEMQ_BASE: ..\..
INFO   | jvm 1    | 2017/01/16 10:56:07 | ACTIVEMQ_CONF: ..\..\conf
INFO   | jvm 1    | 2017/01/16 10:56:07 | ACTIVEMQ_DATA: ..\..\data
INFO   | jvm 1    | 2017/01/16 10:56:09 | Loading message broker from: xbean:activemq.xml
INFO   | jvm 1    | 2017/01/16 10:56:09 |  INFO | Refreshing org.apache.activemq.xbean.XBeanBrokerFactory$1@1bee87e: startup date [Mon Jan 16 10:56:09 CET 2017]; root of context hierarchy
INFO   | jvm 1    | 2017/01/16 10:56:12 |  INFO | Using Persistence Adapter: KahaDBPersistenceAdapter[D:\Acceptance\Wynsure57\WynsureResources\ActiveMQ\bin\win32\..\..\data\kahadb]
INFO   | jvm 1    | 2017/01/16 10:56:20 |  INFO | KahaDB is version 6
INFO   | jvm 1    | 2017/01/16 10:56:20 |  INFO | Recovering from the journal @1:3510169
INFO   | jvm 1    | 2017/01/16 10:56:22 |  INFO | Recovery replayed 2290 operations from the journal in 2.532 seconds.
INFO   | jvm 1    | 2017/01/16 10:56:22 |  INFO | PListStore:[D:\Acceptance\Wynsure57\WynsureResources\ActiveMQ\bin\win32\..\..\data\localhost\tmp_storage] started
INFO   | jvm 1    | 2017/01/16 10:56:23 |  INFO | Apache ActiveMQ 5.14.2 (localhost, ID:POCAPP-62476-1484560582915-0:1) is starting
INFO   | jvm 1    | 2017/01/16 10:56:23 |  INFO | Listening for connections at: tcp://POCAPP:61616?maximumConnections=1000&wireFormat.maxFrameSize=104857600
INFO   | jvm 1    | 2017/01/16 10:56:23 |  INFO | Connector openwire started
INFO   | jvm 1    | 2017/01/16 10:56:23 |  INFO | Listening for connections at: amqp://POCAPP:5672?maximumConnections=1000&wireFormat.maxFrameSize=104857600
INFO   | jvm 1    | 2017/01/16 10:56:23 |  INFO | Connector amqp started
INFO   | jvm 1    | 2017/01/16 10:56:23 |  INFO | Listening for connections at: stomp://POCAPP:61613?maximumConnections=1000&wireFormat.maxFrameSize=104857600
INFO   | jvm 1    | 2017/01/16 10:56:23 |  INFO | Connector stomp started
INFO   | jvm 1    | 2017/01/16 10:56:23 |  INFO | Listening for connections at: mqtt://POCAPP:1883?maximumConnections=1000&wireFormat.maxFrameSize=104857600
INFO   | jvm 1    | 2017/01/16 10:56:23 |  INFO | Connector mqtt started
INFO   | jvm 1    | 2017/01/16 10:56:23 |  WARN | ServletContext@o.e.j.s.ServletContextHandler@1bf2eb4{/,null,STARTING} has uncovered http methods for path: /
INFO   | jvm 1    | 2017/01/16 10:56:24 |  INFO | Listening for connections at ws://POCAPP:61614?maximumConnections=1000&wireFormat.maxFrameSize=104857600
INFO   | jvm 1    | 2017/01/16 10:56:24 |  INFO | Connector ws started
INFO   | jvm 1    | 2017/01/16 10:56:24 |  INFO | Apache ActiveMQ 5.14.2 (localhost, ID:POCAPP-62476-1484560582915-0:1) started
INFO   | jvm 1    | 2017/01/16 10:56:24 |  INFO | For help or more information please see: http://activemq.apache.org
INFO   | jvm 1    | 2017/01/16 10:56:24 |  WARN | Store limit is 102400 mb (current store usage is 3 mb). The data directory: D:\Acceptance\Wynsure57\WynsureResources\ActiveMQ\bin\win32\..\..\data\kahadb only has 48443 mb of usable space. - resetting to maximum available disk space: 48443 mb
INFO   | jvm 1    | 2017/01/16 10:56:24 |  WARN | Temporary Store limit is 51200 mb (current store usage is 0 mb). The data directory: D:\Acceptance\Wynsure57\WynsureResources\ActiveMQ\bin\win32\..\..\data only has 48440 mb of usable space. - resetting to maximum available disk space: 48440 mb
INFO   | jvm 1    | 2017/01/16 10:56:26 |  INFO | No Spring WebApplicationInitializer types detected on classpath
INFO   | jvm 1    | 2017/01/16 10:56:27 |  INFO | ActiveMQ WebConsole available at http://0.0.0.0:8161/
INFO   | jvm 1    | 2017/01/16 10:56:27 |  INFO | ActiveMQ Jolokia REST API available at http://0.0.0.0:8161/api/jolokia/
INFO   | jvm 1    | 2017/01/16 10:56:27 |  INFO | Initializing Spring FrameworkServlet 'dispatcher'
INFO   | jvm 1    | 2017/01/16 10:56:28 |  INFO | No Spring WebApplicationInitializer types detected on classpath
INFO   | jvm 1    | 2017/01/16 10:56:28 |  INFO | jolokia-agent: Using policy access restrictor classpath:/jolokia-access.xml
